<?xml version="1.0" encoding="UTF-8" ?>
<testsuite tests="3" failures="0" name="com.aprameya.vendingmachineproject.CartTest" time="0.003" errors="0" skipped="0">
  <properties>
[...]
</properties>
  <testcase classname="com.aprameya.vendingmachineproject.CartTest" name="testRemoveProduct" time="0.003"/>
  <testcase classname="com.aprameya.vendingmachineproject.CartTest" name="testRemoveProduct_WithUnavailableRemoveProductException" time="0"/>
  <testcase classname="com.aprameya.vendingmachineproject.CartTest" name="testRemoveProduct_WithInvalidDataException" time="0"/>
</testsuite>